This file contains any messages produced by compilers while
running configure, to aid debugging if configure makes a mistake.

It was created by dnrd configure 2.20.3, which was
generated by GNU Autoconf 2.63.  Invocation command line was

  $ ./configure 

## --------- ##
## Platform. ##
## --------- ##

hostname = fayyazlinux
uname -m = i686
uname -r = 2.6.31.5-127.fc12.i686
uname -s = Linux
uname -v = #1 SMP Sat Nov 7 21:41:45 EST 2009

/usr/bin/uname -p = unknown
/bin/uname -X     = unknown

/bin/arch              = i686
/usr/bin/arch -k       = unknown
/usr/convex/getsysinfo = unknown
/usr/bin/hostinfo      = unknown
/bin/machine           = unknown
/usr/bin/oslevel       = unknown
/bin/universe          = unknown

PATH: /usr/local/Cavium_Networks/OCTEON-SDK/tools/bin
PATH: /usr/local/Cavium_Networks/OCTEON-SDK/host/bin
PATH: /usr/lib/qt-3.3/bin
PATH: /usr/kerberos/sbin
PATH: /usr/kerberos/bin
PATH: /usr/lib/ccache
PATH: /usr/local/sbin
PATH: /usr/sbin
PATH: /sbin
PATH: /usr/local/bin
PATH: /usr/bin
PATH: /bin
PATH: /root/bin


## ----------- ##
## Core tests. ##
## ----------- ##

configure:1892: checking build system type
configure:1910: result: i686-pc-linux-gnu
configure:1932: checking host system type
configure:1947: result: i686-pc-linux-gnu
configure:1969: checking target system type
configure:1984: result: i686-pc-linux-gnu
configure:2031: checking for a BSD-compatible install
configure:2099: result: /usr/bin/install -c
configure:2110: checking whether build environment is sane
configure:2170: result: yes
configure:2311: checking for a thread-safe mkdir -p
configure:2350: result: /bin/mkdir -p
configure:2363: checking for gawk
configure:2379: found /usr/bin/gawk
configure:2390: result: gawk
configure:2401: checking whether make sets $(MAKE)
configure:2423: result: yes
configure:2575: checking for gcc
configure:2591: found /usr/lib/ccache/gcc
configure:2602: result: gcc
configure:2834: checking for C compiler version
configure:2842: gcc --version >&5
gcc (GCC) 4.4.4 20100630 (Red Hat 4.4.4-10)
Copyright (C) 2010 Free Software Foundation, Inc.
This is free software; see the source for copying conditions.  There is NO
warranty; not even for MERCHANTABILITY or FITNESS FOR A PARTICULAR PURPOSE.

configure:2846: $? = 0
configure:2853: gcc -v >&5
Using built-in specs.
Target: i686-redhat-linux
Configured with: ../configure --prefix=/usr --mandir=/usr/share/man --infodir=/usr/share/info --with-bugurl=http://bugzilla.redhat.com/bugzilla --enable-bootstrap --enable-shared --enable-threads=posix --enable-checking=release --with-system-zlib --enable-__cxa_atexit --disable-libunwind-exceptions --enable-gnu-unique-object --enable-languages=c,c++,objc,obj-c++,java,fortran,ada --enable-java-awt=gtk --disable-dssi --enable-plugin --with-java-home=/usr/lib/jvm/java-1.5.0-gcj-1.5.0.0/jre --enable-libgcj-multifile --enable-java-maintainer-mode --with-ecj-jar=/usr/share/java/eclipse-ecj.jar --disable-libjava-multilib --with-ppl --with-cloog --with-tune=generic --with-arch=i686 --build=i686-redhat-linux
Thread model: posix
gcc version 4.4.4 20100630 (Red Hat 4.4.4-10) (GCC) 
configure:2857: $? = 0
configure:2864: gcc -V >&5
gcc: '-V' option must have argument
configure:2868: $? = 1
configure:2891: checking for C compiler default output file name
configure:2913: gcc    conftest.c  >&5
configure:2917: $? = 0
configure:2955: result: a.out
configure:2974: checking whether the C compiler works
configure:2984: ./a.out
configure:2988: $? = 0
configure:3007: result: yes
configure:3014: checking whether we are cross compiling
configure:3016: result: no
configure:3019: checking for suffix of executables
configure:3026: gcc -o conftest    conftest.c  >&5
configure:3030: $? = 0
configure:3056: result: 
configure:3062: checking for suffix of object files
configure:3088: gcc -c   conftest.c >&5
configure:3092: $? = 0
configure:3117: result: o
configure:3121: checking whether we are using the GNU C compiler
configure:3150: gcc -c   conftest.c >&5
configure:3157: $? = 0
configure:3174: result: yes
configure:3183: checking whether gcc accepts -g
configure:3213: gcc -c -g  conftest.c >&5
configure:3220: $? = 0
configure:3321: result: yes
configure:3338: checking for gcc option to accept ISO C89
configure:3412: gcc  -c -g -O2  conftest.c >&5
configure:3419: $? = 0
configure:3442: result: none needed
configure:3471: checking for style of include used by make
configure:3499: result: GNU
configure:3524: checking dependency style of gcc
configure:3634: result: gcc3
configure:3650: checking for library containing strerror
configure:3691: gcc -o conftest -g -O2   conftest.c  >&5
configure:3698: $? = 0
configure:3729: result: none required
configure:3747: checking for dirent.h that defines DIR
configure:3776: gcc -c -g -O2  conftest.c >&5
configure:3783: $? = 0
configure:3800: result: yes
configure:3815: checking for library containing opendir
configure:3856: gcc -o conftest -g -O2   conftest.c  >&5
configure:3863: $? = 0
configure:3894: result: none required
configure:3997: checking how to run the C preprocessor
configure:4037: gcc -E  conftest.c
configure:4044: $? = 0
configure:4075: gcc -E  conftest.c
conftest.c:12:28: error: ac_nonexistent.h: No such file or directory
configure:4082: $? = 1
configure: failed program was:
| /* confdefs.h.  */
| #define PACKAGE_NAME "dnrd"
| #define PACKAGE_TARNAME "dnrd"
| #define PACKAGE_VERSION "2.20.3"
| #define PACKAGE_STRING "dnrd 2.20.3"
| #define PACKAGE_BUGREPORT "dnrd-user@lists.sourceforge.net"
| #define PACKAGE "dnrd"
| #define VERSION "2.20.3"
| #define DNRD_ROOT "/usr/local/etc/dnrd"
| #define HAVE_DIRENT_H 1
| /* end confdefs.h.  */
| #include <ac_nonexistent.h>
configure:4115: result: gcc -E
configure:4144: gcc -E  conftest.c
configure:4151: $? = 0
configure:4182: gcc -E  conftest.c
conftest.c:12:28: error: ac_nonexistent.h: No such file or directory
configure:4189: $? = 1
configure: failed program was:
| /* confdefs.h.  */
| #define PACKAGE_NAME "dnrd"
| #define PACKAGE_TARNAME "dnrd"
| #define PACKAGE_VERSION "2.20.3"
| #define PACKAGE_STRING "dnrd 2.20.3"
| #define PACKAGE_BUGREPORT "dnrd-user@lists.sourceforge.net"
| #define PACKAGE "dnrd"
| #define VERSION "2.20.3"
| #define DNRD_ROOT "/usr/local/etc/dnrd"
| #define HAVE_DIRENT_H 1
| /* end confdefs.h.  */
| #include <ac_nonexistent.h>
configure:4229: checking for grep that handles long lines and -e
configure:4289: result: /bin/grep
configure:4294: checking for egrep
configure:4358: result: /bin/grep -E
configure:4363: checking for ANSI C header files
configure:4393: gcc -c -g -O2  conftest.c >&5
configure:4400: $? = 0
configure:4499: gcc -o conftest -g -O2   conftest.c  >&5
configure:4503: $? = 0
configure:4509: ./conftest
configure:4513: $? = 0
configure:4531: result: yes
configure:4555: checking for sys/types.h
configure:4576: gcc -c -g -O2  conftest.c >&5
configure:4583: $? = 0
configure:4600: result: yes
configure:4555: checking for sys/stat.h
configure:4576: gcc -c -g -O2  conftest.c >&5
configure:4583: $? = 0
configure:4600: result: yes
configure:4555: checking for stdlib.h
configure:4576: gcc -c -g -O2  conftest.c >&5
configure:4583: $? = 0
configure:4600: result: yes
configure:4555: checking for string.h
configure:4576: gcc -c -g -O2  conftest.c >&5
configure:4583: $? = 0
configure:4600: result: yes
configure:4555: checking for memory.h
configure:4576: gcc -c -g -O2  conftest.c >&5
configure:4583: $? = 0
configure:4600: result: yes
configure:4555: checking for strings.h
configure:4576: gcc -c -g -O2  conftest.c >&5
configure:4583: $? = 0
configure:4600: result: yes
configure:4555: checking for inttypes.h
configure:4576: gcc -c -g -O2  conftest.c >&5
configure:4583: $? = 0
configure:4600: result: yes
configure:4555: checking for stdint.h
configure:4576: gcc -c -g -O2  conftest.c >&5
configure:4583: $? = 0
configure:4600: result: yes
configure:4555: checking for unistd.h
configure:4576: gcc -c -g -O2  conftest.c >&5
configure:4583: $? = 0
configure:4600: result: yes
configure:4632: checking sys/time.h usability
configure:4649: gcc -c -g -O2  conftest.c >&5
configure:4656: $? = 0
configure:4670: result: yes
configure:4674: checking sys/time.h presence
configure:4689: gcc -E  conftest.c
configure:4696: $? = 0
configure:4710: result: yes
configure:4743: checking for sys/time.h
configure:4752: result: yes
configure:4632: checking syslog.h usability
configure:4649: gcc -c -g -O2  conftest.c >&5
configure:4656: $? = 0
configure:4670: result: yes
configure:4674: checking syslog.h presence
configure:4689: gcc -E  conftest.c
configure:4696: $? = 0
configure:4710: result: yes
configure:4743: checking for syslog.h
configure:4752: result: yes
configure:4621: checking for unistd.h
configure:4628: result: yes
configure:4778: checking pthread.h usability
configure:4795: gcc -c -g -O2  conftest.c >&5
configure:4802: $? = 0
configure:4816: result: yes
configure:4820: checking pthread.h presence
configure:4835: gcc -E  conftest.c
configure:4842: $? = 0
configure:4856: result: yes
configure:4889: checking for pthread.h
configure:4896: result: yes
configure:4911: checking for an ANSI C-conforming const
configure:4986: gcc -c -g -O2  conftest.c >&5
configure:4993: $? = 0
configure:5008: result: yes
configure:5018: checking for uid_t in sys/types.h
configure:5041: result: yes
configure:5056: checking for pid_t
configure:5084: gcc -c -g -O2  conftest.c >&5
configure:5091: $? = 0
configure:5118: gcc -c -g -O2  conftest.c >&5
conftest.c: In function 'main':
conftest.c:61: error: expected expression before ')' token
configure:5125: $? = 1
configure: failed program was:
| /* confdefs.h.  */
| #define PACKAGE_NAME "dnrd"
| #define PACKAGE_TARNAME "dnrd"
| #define PACKAGE_VERSION "2.20.3"
| #define PACKAGE_STRING "dnrd 2.20.3"
| #define PACKAGE_BUGREPORT "dnrd-user@lists.sourceforge.net"
| #define PACKAGE "dnrd"
| #define VERSION "2.20.3"
| #define DNRD_ROOT "/usr/local/etc/dnrd"
| #define HAVE_DIRENT_H 1
| #define STDC_HEADERS 1
| #define HAVE_SYS_TYPES_H 1
| #define HAVE_SYS_STAT_H 1
| #define HAVE_STDLIB_H 1
| #define HAVE_STRING_H 1
| #define HAVE_MEMORY_H 1
| #define HAVE_STRINGS_H 1
| #define HAVE_INTTYPES_H 1
| #define HAVE_STDINT_H 1
| #define HAVE_UNISTD_H 1
| #define HAVE_SYS_TIME_H 1
| #define HAVE_SYSLOG_H 1
| #define HAVE_UNISTD_H 1
| /* end confdefs.h.  */
| #include <stdio.h>
| #ifdef HAVE_SYS_TYPES_H
| # include <sys/types.h>
| #endif
| #ifdef HAVE_SYS_STAT_H
| # include <sys/stat.h>
| #endif
| #ifdef STDC_HEADERS
| # include <stdlib.h>
| # include <stddef.h>
| #else
| # ifdef HAVE_STDLIB_H
| #  include <stdlib.h>
| # endif
| #endif
| #ifdef HAVE_STRING_H
| # if !defined STDC_HEADERS && defined HAVE_MEMORY_H
| #  include <memory.h>
| # endif
| # include <string.h>
| #endif
| #ifdef HAVE_STRINGS_H
| # include <strings.h>
| #endif
| #ifdef HAVE_INTTYPES_H
| # include <inttypes.h>
| #endif
| #ifdef HAVE_STDINT_H
| # include <stdint.h>
| #endif
| #ifdef HAVE_UNISTD_H
| # include <unistd.h>
| #endif
| int
| main ()
| {
| if (sizeof ((pid_t)))
| 	  return 0;
|   ;
|   return 0;
| }
configure:5148: result: yes
configure:5160: checking for size_t
configure:5188: gcc -c -g -O2  conftest.c >&5
configure:5195: $? = 0
configure:5222: gcc -c -g -O2  conftest.c >&5
conftest.c: In function 'main':
conftest.c:61: error: expected expression before ')' token
configure:5229: $? = 1
configure: failed program was:
| /* confdefs.h.  */
| #define PACKAGE_NAME "dnrd"
| #define PACKAGE_TARNAME "dnrd"
| #define PACKAGE_VERSION "2.20.3"
| #define PACKAGE_STRING "dnrd 2.20.3"
| #define PACKAGE_BUGREPORT "dnrd-user@lists.sourceforge.net"
| #define PACKAGE "dnrd"
| #define VERSION "2.20.3"
| #define DNRD_ROOT "/usr/local/etc/dnrd"
| #define HAVE_DIRENT_H 1
| #define STDC_HEADERS 1
| #define HAVE_SYS_TYPES_H 1
| #define HAVE_SYS_STAT_H 1
| #define HAVE_STDLIB_H 1
| #define HAVE_STRING_H 1
| #define HAVE_MEMORY_H 1
| #define HAVE_STRINGS_H 1
| #define HAVE_INTTYPES_H 1
| #define HAVE_STDINT_H 1
| #define HAVE_UNISTD_H 1
| #define HAVE_SYS_TIME_H 1
| #define HAVE_SYSLOG_H 1
| #define HAVE_UNISTD_H 1
| /* end confdefs.h.  */
| #include <stdio.h>
| #ifdef HAVE_SYS_TYPES_H
| # include <sys/types.h>
| #endif
| #ifdef HAVE_SYS_STAT_H
| # include <sys/stat.h>
| #endif
| #ifdef STDC_HEADERS
| # include <stdlib.h>
| # include <stddef.h>
| #else
| # ifdef HAVE_STDLIB_H
| #  include <stdlib.h>
| # endif
| #endif
| #ifdef HAVE_STRING_H
| # if !defined STDC_HEADERS && defined HAVE_MEMORY_H
| #  include <memory.h>
| # endif
| # include <string.h>
| #endif
| #ifdef HAVE_STRINGS_H
| # include <strings.h>
| #endif
| #ifdef HAVE_INTTYPES_H
| # include <inttypes.h>
| #endif
| #ifdef HAVE_STDINT_H
| # include <stdint.h>
| #endif
| #ifdef HAVE_UNISTD_H
| # include <unistd.h>
| #endif
| int
| main ()
| {
| if (sizeof ((size_t)))
| 	  return 0;
|   ;
|   return 0;
| }
configure:5252: result: yes
configure:5264: checking whether time.h and sys/time.h may both be included
configure:5294: gcc -c -g -O2  conftest.c >&5
configure:5301: $? = 0
configure:5316: result: yes
configure:5334: checking for working memcmp
configure:5387: gcc -o conftest -g -O2   conftest.c  >&5
configure:5391: $? = 0
configure:5397: ./conftest
configure:5401: $? = 0
configure:5418: result: yes
configure:5427: checking return type of signal handlers
configure:5455: gcc -c -g -O2  conftest.c >&5
conftest.c: In function 'main':
conftest.c:33: error: void value not ignored as it ought to be
configure:5462: $? = 1
configure: failed program was:
| /* confdefs.h.  */
| #define PACKAGE_NAME "dnrd"
| #define PACKAGE_TARNAME "dnrd"
| #define PACKAGE_VERSION "2.20.3"
| #define PACKAGE_STRING "dnrd 2.20.3"
| #define PACKAGE_BUGREPORT "dnrd-user@lists.sourceforge.net"
| #define PACKAGE "dnrd"
| #define VERSION "2.20.3"
| #define DNRD_ROOT "/usr/local/etc/dnrd"
| #define HAVE_DIRENT_H 1
| #define STDC_HEADERS 1
| #define HAVE_SYS_TYPES_H 1
| #define HAVE_SYS_STAT_H 1
| #define HAVE_STDLIB_H 1
| #define HAVE_STRING_H 1
| #define HAVE_MEMORY_H 1
| #define HAVE_STRINGS_H 1
| #define HAVE_INTTYPES_H 1
| #define HAVE_STDINT_H 1
| #define HAVE_UNISTD_H 1
| #define HAVE_SYS_TIME_H 1
| #define HAVE_SYSLOG_H 1
| #define HAVE_UNISTD_H 1
| #define TIME_WITH_SYS_TIME 1
| #define _GNU_SOURCE /**/
| /* end confdefs.h.  */
| #include <sys/types.h>
| #include <signal.h>
| 
| int
| main ()
| {
| return *(signal (0, 0)) (0) == 1;
|   ;
|   return 0;
| }
configure:5477: result: void
configure:5489: checking for vprintf
configure:5545: gcc -o conftest -g -O2   conftest.c  >&5
conftest.c:51: warning: conflicting types for built-in function 'vprintf'
configure:5552: $? = 0
configure:5574: result: yes
configure:5583: checking for _doprnt
configure:5639: gcc -o conftest -g -O2   conftest.c  >&5
/tmp/cciNHXoH.o: In function `main':
/root/DNSServer/dnrd-2.20.3/conftest.c:63: undefined reference to `_doprnt'
collect2: ld returned 1 exit status
configure:5646: $? = 1
configure: failed program was:
| /* confdefs.h.  */
| #define PACKAGE_NAME "dnrd"
| #define PACKAGE_TARNAME "dnrd"
| #define PACKAGE_VERSION "2.20.3"
| #define PACKAGE_STRING "dnrd 2.20.3"
| #define PACKAGE_BUGREPORT "dnrd-user@lists.sourceforge.net"
| #define PACKAGE "dnrd"
| #define VERSION "2.20.3"
| #define DNRD_ROOT "/usr/local/etc/dnrd"
| #define HAVE_DIRENT_H 1
| #define STDC_HEADERS 1
| #define HAVE_SYS_TYPES_H 1
| #define HAVE_SYS_STAT_H 1
| #define HAVE_STDLIB_H 1
| #define HAVE_STRING_H 1
| #define HAVE_MEMORY_H 1
| #define HAVE_STRINGS_H 1
| #define HAVE_INTTYPES_H 1
| #define HAVE_STDINT_H 1
| #define HAVE_UNISTD_H 1
| #define HAVE_SYS_TIME_H 1
| #define HAVE_SYSLOG_H 1
| #define HAVE_UNISTD_H 1
| #define TIME_WITH_SYS_TIME 1
| #define _GNU_SOURCE /**/
| #define RETSIGTYPE void
| #define HAVE_VPRINTF 1
| /* end confdefs.h.  */
| /* Define _doprnt to an innocuous variant, in case <limits.h> declares _doprnt.
|    For example, HP-UX 11i <limits.h> declares gettimeofday.  */
| #define _doprnt innocuous__doprnt
| 
| /* System header to define __stub macros and hopefully few prototypes,
|     which can conflict with char _doprnt (); below.
|     Prefer <limits.h> to <assert.h> if __STDC__ is defined, since
|     <limits.h> exists even on freestanding compilers.  */
| 
| #ifdef __STDC__
| # include <limits.h>
| #else
| # include <assert.h>
| #endif
| 
| #undef _doprnt
| 
| /* Override any GCC internal prototype to avoid an error.
|    Use char because int might match the return type of a GCC
|    builtin and then its argument prototype would still apply.  */
| #ifdef __cplusplus
| extern "C"
| #endif
| char _doprnt ();
| /* The GNU C library defines this for functions which it implements
|     to always fail with ENOSYS.  Some functions are actually named
|     something starting with __ and the normal name is an alias.  */
| #if defined __stub__doprnt || defined __stub____doprnt
| choke me
| #endif
| 
| int
| main ()
| {
| return _doprnt ();
|   ;
|   return 0;
| }
configure:5666: result: no
configure:5691: checking for pselect
configure:5747: gcc -o conftest -g -O2   conftest.c  >&5
configure:5754: $? = 0
configure:5776: result: yes
configure:5691: checking for select
configure:5747: gcc -o conftest -g -O2   conftest.c  >&5
configure:5754: $? = 0
configure:5776: result: yes
configure:5691: checking for socket
configure:5747: gcc -o conftest -g -O2   conftest.c  >&5
configure:5754: $? = 0
configure:5776: result: yes
configure:5691: checking for strdup
configure:5747: gcc -o conftest -g -O2   conftest.c  >&5
conftest.c:55: warning: conflicting types for built-in function 'strdup'
configure:5754: $? = 0
configure:5776: result: yes
configure:5691: checking for strerror
configure:5747: gcc -o conftest -g -O2   conftest.c  >&5
configure:5754: $? = 0
configure:5776: result: yes
configure:5691: checking for strtoul
configure:5747: gcc -o conftest -g -O2   conftest.c  >&5
configure:5754: $? = 0
configure:5776: result: yes
configure:5691: checking for strnlen
configure:5747: gcc -o conftest -g -O2   conftest.c  >&5
configure:5754: $? = 0
configure:5776: result: yes
configure:5691: checking for usleep
configure:5747: gcc -o conftest -g -O2   conftest.c  >&5
configure:5754: $? = 0
configure:5776: result: yes
configure:6055: creating ./config.status

## ---------------------- ##
## Running config.status. ##
## ---------------------- ##

This file was extended by dnrd config.status 2.20.3, which was
generated by GNU Autoconf 2.63.  Invocation command line was

  CONFIG_FILES    = 
  CONFIG_HEADERS  = 
  CONFIG_LINKS    = 
  CONFIG_COMMANDS = 
  $ ./config.status 

on fayyazlinux

config.status:810: creating Makefile
config.status:810: creating src/Makefile
config.status:810: creating doc/Makefile
config.status:810: creating doc/dnrd.8
config.status:810: creating doc/README-master
config.status:810: creating doc/README-cache
config.status:810: creating src/config.h
config.status:1084: executing depfiles commands

## ---------------- ##
## Cache variables. ##
## ---------------- ##

ac_cv_build=i686-pc-linux-gnu
ac_cv_c_compiler_gnu=yes
ac_cv_c_const=yes
ac_cv_env_CC_set=
ac_cv_env_CC_value=
ac_cv_env_CFLAGS_set=
ac_cv_env_CFLAGS_value=
ac_cv_env_CPPFLAGS_set=
ac_cv_env_CPPFLAGS_value=
ac_cv_env_CPP_set=
ac_cv_env_CPP_value=
ac_cv_env_LDFLAGS_set=
ac_cv_env_LDFLAGS_value=
ac_cv_env_LIBS_set=
ac_cv_env_LIBS_value=
ac_cv_env_build_alias_set=
ac_cv_env_build_alias_value=
ac_cv_env_host_alias_set=
ac_cv_env_host_alias_value=
ac_cv_env_target_alias_set=
ac_cv_env_target_alias_value=
ac_cv_func__doprnt=no
ac_cv_func_memcmp_working=yes
ac_cv_func_pselect=yes
ac_cv_func_select=yes
ac_cv_func_socket=yes
ac_cv_func_strdup=yes
ac_cv_func_strerror=yes
ac_cv_func_strnlen=yes
ac_cv_func_strtoul=yes
ac_cv_func_usleep=yes
ac_cv_func_vprintf=yes
ac_cv_header_dirent_dirent_h=yes
ac_cv_header_inttypes_h=yes
ac_cv_header_memory_h=yes
ac_cv_header_pthread_h=yes
ac_cv_header_stdc=yes
ac_cv_header_stdint_h=yes
ac_cv_header_stdlib_h=yes
ac_cv_header_string_h=yes
ac_cv_header_strings_h=yes
ac_cv_header_sys_stat_h=yes
ac_cv_header_sys_time_h=yes
ac_cv_header_sys_types_h=yes
ac_cv_header_syslog_h=yes
ac_cv_header_time=yes
ac_cv_header_unistd_h=yes
ac_cv_host=i686-pc-linux-gnu
ac_cv_objext=o
ac_cv_path_EGREP='/bin/grep -E'
ac_cv_path_GREP=/bin/grep
ac_cv_path_install='/usr/bin/install -c'
ac_cv_path_mkdir=/bin/mkdir
ac_cv_prog_AWK=gawk
ac_cv_prog_CPP='gcc -E'
ac_cv_prog_ac_ct_CC=gcc
ac_cv_prog_cc_c89=
ac_cv_prog_cc_g=yes
ac_cv_prog_make_make_set=yes
ac_cv_search_opendir='none required'
ac_cv_search_strerror='none required'
ac_cv_target=i686-pc-linux-gnu
ac_cv_type_pid_t=yes
ac_cv_type_signal=void
ac_cv_type_size_t=yes
ac_cv_type_uid_t=yes
am_cv_CC_dependencies_compiler_type=gcc3

## ----------------- ##
## Output variables. ##
## ----------------- ##

ACLOCAL='${SHELL} /root/DNSServer/dnrd-2.20.3/missing --run aclocal-1.11'
AMDEPBACKSLASH='\'
AMDEP_FALSE='#'
AMDEP_TRUE=''
AMTAR='${SHELL} /root/DNSServer/dnrd-2.20.3/missing --run tar'
AUTOCONF='${SHELL} /root/DNSServer/dnrd-2.20.3/missing --run autoconf'
AUTOHEADER='${SHELL} /root/DNSServer/dnrd-2.20.3/missing --run autoheader'
AUTOMAKE='${SHELL} /root/DNSServer/dnrd-2.20.3/missing --run automake-1.11'
AWK='gawk'
CC='gcc'
CCDEPMODE='depmode=gcc3'
CFLAGS='-g -O2'
CPP='gcc -E'
CPPFLAGS=''
CYGPATH_W='echo'
DEFS='-DHAVE_CONFIG_H'
DEPDIR='.deps'
DNRD_ROOT='/usr/local/etc/dnrd'
ECHO_C=''
ECHO_N='-n'
ECHO_T=''
EGREP='/bin/grep -E'
EXEEXT=''
GREP='/bin/grep'
INSTALL_DATA='${INSTALL} -m 644'
INSTALL_PROGRAM='${INSTALL}'
INSTALL_SCRIPT='${INSTALL}'
INSTALL_STRIP_PROGRAM='$(install_sh) -c -s'
LDFLAGS=''
LIBOBJS=''
LIBS=''
LTLIBOBJS=''
MAKEINFO='${SHELL} /root/DNSServer/dnrd-2.20.3/missing --run makeinfo'
MKDIR_P='/bin/mkdir -p'
OBJEXT='o'
PACKAGE='dnrd'
PACKAGE_BUGREPORT='dnrd-user@lists.sourceforge.net'
PACKAGE_NAME='dnrd'
PACKAGE_STRING='dnrd 2.20.3'
PACKAGE_TARNAME='dnrd'
PACKAGE_VERSION='2.20.3'
PATH_SEPARATOR=':'
SET_MAKE=''
SHELL='/bin/sh'
STRIP=''
THREAD_CFLAGS=''
THREAD_LIBS='-lpthread'
VERSION='2.20.3'
ac_ct_CC='gcc'
am__EXEEXT_FALSE=''
am__EXEEXT_TRUE='#'
am__fastdepCC_FALSE='#'
am__fastdepCC_TRUE=''
am__include='include'
am__isrc=''
am__leading_dot='.'
am__quote=''
am__tar='${AMTAR} chof - "$$tardir"'
am__untar='${AMTAR} xf -'
bindir='${exec_prefix}/bin'
build='i686-pc-linux-gnu'
build_alias=''
build_cpu='i686'
build_os='linux-gnu'
build_vendor='pc'
datadir='${datarootdir}'
datarootdir='${prefix}/share'
docdir='${datarootdir}/doc/${PACKAGE_TARNAME}'
dvidir='${docdir}'
exec_prefix='${prefix}'
host='i686-pc-linux-gnu'
host_alias=''
host_cpu='i686'
host_os='linux-gnu'
host_vendor='pc'
htmldir='${docdir}'
includedir='${prefix}/include'
infodir='${datarootdir}/info'
install_sh='${SHELL} /root/DNSServer/dnrd-2.20.3/install-sh'
libdir='${exec_prefix}/lib'
libexecdir='${exec_prefix}/libexec'
localedir='${datarootdir}/locale'
localstatedir='${prefix}/var'
mandir='${datarootdir}/man'
mkdir_p='/bin/mkdir -p'
oldincludedir='/usr/include'
pdfdir='${docdir}'
prefix='/usr/local'
program_transform_name='s,x,x,'
psdir='${docdir}'
sbindir='${exec_prefix}/sbin'
sharedstatedir='${prefix}/com'
sysconfdir='/usr/local/etc'
target='i686-pc-linux-gnu'
target_alias=''
target_cpu='i686'
target_os='linux-gnu'
target_vendor='pc'

## ----------- ##
## confdefs.h. ##
## ----------- ##

#define PACKAGE_NAME "dnrd"
#define PACKAGE_TARNAME "dnrd"
#define PACKAGE_VERSION "2.20.3"
#define PACKAGE_STRING "dnrd 2.20.3"
#define PACKAGE_BUGREPORT "dnrd-user@lists.sourceforge.net"
#define PACKAGE "dnrd"
#define VERSION "2.20.3"
#define DNRD_ROOT "/usr/local/etc/dnrd"
#define HAVE_DIRENT_H 1
#define STDC_HEADERS 1
#define HAVE_SYS_TYPES_H 1
#define HAVE_SYS_STAT_H 1
#define HAVE_STDLIB_H 1
#define HAVE_STRING_H 1
#define HAVE_MEMORY_H 1
#define HAVE_STRINGS_H 1
#define HAVE_INTTYPES_H 1
#define HAVE_STDINT_H 1
#define HAVE_UNISTD_H 1
#define HAVE_SYS_TIME_H 1
#define HAVE_SYSLOG_H 1
#define HAVE_UNISTD_H 1
#define TIME_WITH_SYS_TIME 1
#define _GNU_SOURCE /**/
#define RETSIGTYPE void
#define HAVE_VPRINTF 1
#define HAVE_PSELECT 1
#define HAVE_SELECT 1
#define HAVE_SOCKET 1
#define HAVE_STRDUP 1
#define HAVE_STRERROR 1
#define HAVE_STRTOUL 1
#define HAVE_STRNLEN 1
#define HAVE_USLEEP 1
#define ENABLE_PIDFILE /**/
#define RANDOM_SRC /**/

configure: exit 0

## ---------------------- ##
## Running config.status. ##
## ---------------------- ##

This file was extended by dnrd config.status 2.20.3, which was
generated by GNU Autoconf 2.63.  Invocation command line was

  CONFIG_FILES    = 
  CONFIG_HEADERS  = 
  CONFIG_LINKS    = 
  CONFIG_COMMANDS = 
  $ ./config.status src/Makefile depfiles

on fayyazlinux

config.status:810: creating src/Makefile
config.status:1084: executing depfiles commands

## ---------------------- ##
## Running config.status. ##
## ---------------------- ##

This file was extended by dnrd config.status 2.20.3, which was
generated by GNU Autoconf 2.63.  Invocation command line was

  CONFIG_FILES    = 
  CONFIG_HEADERS  = 
  CONFIG_LINKS    = 
  CONFIG_COMMANDS = 
  $ ./config.status src/Makefile depfiles

on fayyazlinux

config.status:810: creating src/Makefile
config.status:1084: executing depfiles commands
