C:\PERSONAL\SELFCODE\ODESKPROJECTS\DNSSERVER\SORT_INTERFACES\DEBUG\SORT_INTERFACES.EXE
C:\PERSONAL\SELFCODE\ODESKPROJECTS\DNSSERVER\SORT_INTERFACES\DEBUG\SORT_INTERFACES.ILK
C:\PERSONAL\SELFCODE\ODESKPROJECTS\DNSSERVER\SORT_INTERFACES\DEBUG\SORT_INTERFACES.PDB
C:\Personal\SelfCode\OdeskProjects\DNSServer\sort_interfaces\sort_interfaces\Debug\cl.command.1.tlog
C:\Personal\SelfCode\OdeskProjects\DNSServer\sort_interfaces\sort_interfaces\Debug\CL.read.1.tlog
C:\Personal\SelfCode\OdeskProjects\DNSServer\sort_interfaces\sort_interfaces\Debug\CL.write.1.tlog
C:\Personal\SelfCode\OdeskProjects\DNSServer\sort_interfaces\sort_interfaces\Debug\link.172.read.1.tlog
C:\Personal\SelfCode\OdeskProjects\DNSServer\sort_interfaces\sort_interfaces\Debug\link.172.write.1.tlog
C:\Personal\SelfCode\OdeskProjects\DNSServer\sort_interfaces\sort_interfaces\Debug\link.172-cvtres.read.1.tlog
C:\Personal\SelfCode\OdeskProjects\DNSServer\sort_interfaces\sort_interfaces\Debug\link.172-cvtres.write.1.tlog
C:\Personal\SelfCode\OdeskProjects\DNSServer\sort_interfaces\sort_interfaces\Debug\link.5120.read.1.tlog
C:\Personal\SelfCode\OdeskProjects\DNSServer\sort_interfaces\sort_interfaces\Debug\link.5120.write.1.tlog
C:\Personal\SelfCode\OdeskProjects\DNSServer\sort_interfaces\sort_interfaces\Debug\link.5120-cvtres.read.1.tlog
C:\Personal\SelfCode\OdeskProjects\DNSServer\sort_interfaces\sort_interfaces\Debug\link.5120-cvtres.write.1.tlog
C:\Personal\SelfCode\OdeskProjects\DNSServer\sort_interfaces\sort_interfaces\Debug\link.6800.read.1.tlog
C:\Personal\SelfCode\OdeskProjects\DNSServer\sort_interfaces\sort_interfaces\Debug\link.6800.write.1.tlog
C:\Personal\SelfCode\OdeskProjects\DNSServer\sort_interfaces\sort_interfaces\Debug\link.6800-cvtres.read.1.tlog
C:\Personal\SelfCode\OdeskProjects\DNSServer\sort_interfaces\sort_interfaces\Debug\link.6800-cvtres.write.1.tlog
C:\Personal\SelfCode\OdeskProjects\DNSServer\sort_interfaces\sort_interfaces\Debug\link.command.1.tlog
C:\Personal\SelfCode\OdeskProjects\DNSServer\sort_interfaces\sort_interfaces\Debug\link.read.1.tlog
C:\Personal\SelfCode\OdeskProjects\DNSServer\sort_interfaces\sort_interfaces\Debug\link.write.1.tlog
C:\Personal\SelfCode\OdeskProjects\DNSServer\sort_interfaces\sort_interfaces\Debug\link-cvtres.read.1.tlog
C:\Personal\SelfCode\OdeskProjects\DNSServer\sort_interfaces\sort_interfaces\Debug\link-cvtres.write.1.tlog
C:\Personal\SelfCode\OdeskProjects\DNSServer\sort_interfaces\sort_interfaces\Debug\mt.command.1.tlog
C:\Personal\SelfCode\OdeskProjects\DNSServer\sort_interfaces\sort_interfaces\Debug\mt.read.1.tlog
C:\Personal\SelfCode\OdeskProjects\DNSServer\sort_interfaces\sort_interfaces\Debug\mt.write.1.tlog
C:\Personal\SelfCode\OdeskProjects\DNSServer\sort_interfaces\sort_interfaces\Debug\rc.command.1.tlog
C:\Personal\SelfCode\OdeskProjects\DNSServer\sort_interfaces\sort_interfaces\Debug\rc.read.1.tlog
C:\Personal\SelfCode\OdeskProjects\DNSServer\sort_interfaces\sort_interfaces\Debug\rc.write.1.tlog
C:\PERSONAL\SELFCODE\ODESKPROJECTS\DNSSERVER\SORT_INTERFACES\SORT_INTERFACES\DEBUG\SORT_INTERFACES.EXE.EMBED.MANIFEST
C:\PERSONAL\SELFCODE\ODESKPROJECTS\DNSSERVER\SORT_INTERFACES\SORT_INTERFACES\DEBUG\SORT_INTERFACES.EXE.EMBED.MANIFEST.RES
C:\PERSONAL\SELFCODE\ODESKPROJECTS\DNSSERVER\SORT_INTERFACES\SORT_INTERFACES\DEBUG\SORT_INTERFACES.EXE.INTERMEDIATE.MANIFEST
C:\PERSONAL\SELFCODE\ODESKPROJECTS\DNSSERVER\SORT_INTERFACES\SORT_INTERFACES\DEBUG\SORT_INTERFACES.OBJ
C:\Personal\SelfCode\OdeskProjects\DNSServer\sort_interfaces\sort_interfaces\Debug\sort_interfaces_manifest.rc
C:\Personal\SelfCode\OdeskProjects\DNSServer\sort_interfaces\sort_interfaces\Debug\vc100.idb
C:\PERSONAL\SELFCODE\ODESKPROJECTS\DNSSERVER\SORT_INTERFACES\SORT_INTERFACES\DEBUG\VC100.PDB
