Build started 2/5/2012 8:11:35 PM.
     1>Project "E:\LaptopBackup\Personal\SelfCode\OdeskProjects\DNSServer\sort_interfaces\sort_interfaces\sort_interfaces.vcxproj" on node 2 (build target(s)).
     1>InitializeBuildStatus:
         Creating "Debug\sort_interfaces.unsuccessfulbuild" because "AlwaysCreate" was specified.
       ClCompile:
         D:\Installed\MSVisualStudio10\VC\bin\CL.exe /c /ZI /nologo /W3 /WX- /Od /Oy- /D WIN32 /D _DEBUG /D _CONSOLE /D _UNICODE /D UNICODE /Gm /EHsc /RTC1 /MDd /GS /fp:precise /Zc:wchar_t /Zc:forScope /Fo"Debug\\" /Fd"Debug\vc100.pdb" /Gd /TP /analyze- /errorReport:prompt sort_interfaces.cpp
         sort_interfaces.cpp
     1>e:\laptopbackup\personal\selfcode\odeskprojects\dnsserver\sort_interfaces\sort_interfaces\sort_interfaces.cpp(49): warning C4996: 'strcpy': This function or variable may be unsafe. Consider using strcpy_s instead. To disable deprecation, use _CRT_SECURE_NO_WARNINGS. See online help for details.
                 d:\installed\msvisualstudio10\vc\include\string.h(105) : see declaration of 'strcpy'
     1>e:\laptopbackup\personal\selfcode\odeskprojects\dnsserver\sort_interfaces\sort_interfaces\sort_interfaces.cpp(50): warning C4996: 'strcpy': This function or variable may be unsafe. Consider using strcpy_s instead. To disable deprecation, use _CRT_SECURE_NO_WARNINGS. See online help for details.
                 d:\installed\msvisualstudio10\vc\include\string.h(105) : see declaration of 'strcpy'
     1>e:\laptopbackup\personal\selfcode\odeskprojects\dnsserver\sort_interfaces\sort_interfaces\sort_interfaces.cpp(52): warning C4996: 'strcpy': This function or variable may be unsafe. Consider using strcpy_s instead. To disable deprecation, use _CRT_SECURE_NO_WARNINGS. See online help for details.
                 d:\installed\msvisualstudio10\vc\include\string.h(105) : see declaration of 'strcpy'
     1>e:\laptopbackup\personal\selfcode\odeskprojects\dnsserver\sort_interfaces\sort_interfaces\sort_interfaces.cpp(53): warning C4996: 'strcpy': This function or variable may be unsafe. Consider using strcpy_s instead. To disable deprecation, use _CRT_SECURE_NO_WARNINGS. See online help for details.
                 d:\installed\msvisualstudio10\vc\include\string.h(105) : see declaration of 'strcpy'
     1>e:\laptopbackup\personal\selfcode\odeskprojects\dnsserver\sort_interfaces\sort_interfaces\sort_interfaces.cpp(55): warning C4996: 'strcpy': This function or variable may be unsafe. Consider using strcpy_s instead. To disable deprecation, use _CRT_SECURE_NO_WARNINGS. See online help for details.
                 d:\installed\msvisualstudio10\vc\include\string.h(105) : see declaration of 'strcpy'
     1>e:\laptopbackup\personal\selfcode\odeskprojects\dnsserver\sort_interfaces\sort_interfaces\sort_interfaces.cpp(93): warning C4996: 'strncpy': This function or variable may be unsafe. Consider using strncpy_s instead. To disable deprecation, use _CRT_SECURE_NO_WARNINGS. See online help for details.
                 d:\installed\msvisualstudio10\vc\include\string.h(188) : see declaration of 'strncpy'
     1>e:\laptopbackup\personal\selfcode\odeskprojects\dnsserver\sort_interfaces\sort_interfaces\sort_interfaces.cpp(94): warning C4996: 'strcpy': This function or variable may be unsafe. Consider using strcpy_s instead. To disable deprecation, use _CRT_SECURE_NO_WARNINGS. See online help for details.
                 d:\installed\msvisualstudio10\vc\include\string.h(105) : see declaration of 'strcpy'
     1>e:\laptopbackup\personal\selfcode\odeskprojects\dnsserver\sort_interfaces\sort_interfaces\sort_interfaces.cpp(97): warning C4996: 'strcpy': This function or variable may be unsafe. Consider using strcpy_s instead. To disable deprecation, use _CRT_SECURE_NO_WARNINGS. See online help for details.
                 d:\installed\msvisualstudio10\vc\include\string.h(105) : see declaration of 'strcpy'
       ManifestResourceCompile:
         C:\Program Files (x86)\Microsoft SDKs\Windows\v7.0A\bin\rc.exe /nologo /fo"Debug\sort_interfaces.exe.embed.manifest.res" Debug\sort_interfaces_manifest.rc 
       Link:
         D:\Installed\MSVisualStudio10\VC\bin\link.exe /ERRORREPORT:PROMPT /OUT:"E:\LaptopBackup\Personal\SelfCode\OdeskProjects\DNSServer\sort_interfaces\Debug\sort_interfaces.exe" /INCREMENTAL /NOLOGO kernel32.lib user32.lib gdi32.lib winspool.lib comdlg32.lib advapi32.lib shell32.lib ole32.lib oleaut32.lib uuid.lib odbc32.lib odbccp32.lib /MANIFEST /ManifestFile:"Debug\sort_interfaces.exe.intermediate.manifest" /MANIFESTUAC:"level='asInvoker' uiAccess='false'" /DEBUG /PDB:"E:\LaptopBackup\Personal\SelfCode\OdeskProjects\DNSServer\sort_interfaces\Debug\sort_interfaces.pdb" /SUBSYSTEM:CONSOLE /TLBID:1 /DYNAMICBASE /NXCOMPAT /IMPLIB:"E:\LaptopBackup\Personal\SelfCode\OdeskProjects\DNSServer\sort_interfaces\Debug\sort_interfaces.lib" /MACHINE:X86 Debug\sort_interfaces.exe.embed.manifest.res
         Debug\sort_interfaces.obj
       Manifest:
         Deleting file "Debug\sort_interfaces.exe.embed.manifest".
         C:\Program Files (x86)\Microsoft SDKs\Windows\v7.0A\bin\mt.exe /nologo /verbose /out:"Debug\sort_interfaces.exe.embed.manifest" /manifest Debug\sort_interfaces.exe.intermediate.manifest
         C:\Program Files (x86)\Microsoft SDKs\Windows\v7.0A\bin\rc.exe /nologo /fo"Debug\sort_interfaces.exe.embed.manifest.res" Debug\sort_interfaces_manifest.rc 
       LinkEmbedManifest:
         D:\Installed\MSVisualStudio10\VC\bin\link.exe /ERRORREPORT:PROMPT /OUT:"E:\LaptopBackup\Personal\SelfCode\OdeskProjects\DNSServer\sort_interfaces\Debug\sort_interfaces.exe" /INCREMENTAL /NOLOGO kernel32.lib user32.lib gdi32.lib winspool.lib comdlg32.lib advapi32.lib shell32.lib ole32.lib oleaut32.lib uuid.lib odbc32.lib odbccp32.lib /MANIFEST /ManifestFile:"Debug\sort_interfaces.exe.intermediate.manifest" /MANIFESTUAC:"level='asInvoker' uiAccess='false'" /DEBUG /PDB:"E:\LaptopBackup\Personal\SelfCode\OdeskProjects\DNSServer\sort_interfaces\Debug\sort_interfaces.pdb" /SUBSYSTEM:CONSOLE /TLBID:1 /DYNAMICBASE /NXCOMPAT /IMPLIB:"E:\LaptopBackup\Personal\SelfCode\OdeskProjects\DNSServer\sort_interfaces\Debug\sort_interfaces.lib" /MACHINE:X86 Debug\sort_interfaces.exe.embed.manifest.res
         Debug\sort_interfaces.obj
         sort_interfaces.vcxproj -> E:\LaptopBackup\Personal\SelfCode\OdeskProjects\DNSServer\sort_interfaces\Debug\sort_interfaces.exe
       FinalizeBuildStatus:
         Deleting file "Debug\sort_interfaces.unsuccessfulbuild".
         Touching "Debug\sort_interfaces.lastbuildstate".
     1>Done Building Project "E:\LaptopBackup\Personal\SelfCode\OdeskProjects\DNSServer\sort_interfaces\sort_interfaces\sort_interfaces.vcxproj" (build target(s)).

Build succeeded.

Time Elapsed 00:00:04.38
